STEP 1: remove existing venv and recreate
STEP 2: activate venv and upgrade pip/setuptools/wheel
Requirement already satisfied: pip in ./.venv/lib/python3.12/site-packages (24.0)
Collecting pip
  Using cached pip-25.3-py3-none-any.whl.metadata (4.7 kB)
Collecting setuptools
  Using cached setuptools-80.9.0-py3-none-any.whl.metadata (6.6 kB)
Collecting wheel
  Using cached wheel-0.45.1-py3-none-any.whl.metadata (2.3 kB)
Using cached pip-25.3-py3-none-any.whl (1.8 MB)
Using cached setuptools-80.9.0-py3-none-any.whl (1.2 MB)
Using cached wheel-0.45.1-py3-none-any.whl (72 kB)
Installing collected packages: wheel, setuptools, pip
  Attempting uninstall: pip
    Found existing installation: pip 24.0
    Uninstalling pip-24.0:
      Successfully uninstalled pip-24.0
Successfully installed pip-25.3 setuptools-80.9.0 wheel-0.45.1
STEP 3: install backend requirements
Collecting fastapi (from -r server/requirements.txt (line 2))
  Using cached fastapi-0.122.0-py3-none-any.whl.metadata (30 kB)
Collecting uvicorn (from -r server/requirements.txt (line 3))
  Using cached uvicorn-0.38.0-py3-none-any.whl.metadata (6.8 kB)
Collecting sqlalchemy (from -r server/requirements.txt (line 4))
  Using cached sqlalchemy-2.0.44-cp312-cp312-manylinux_2_17_x86_64.manylinux2014_x86_64.whl.metadata (9.5 kB)
Collecting python-dotenv (from -r server/requirements.txt (line 5))
  Using cached python_dotenv-1.2.1-py3-none-any.whl.metadata (25 kB)
Collecting pydantic (from -r server/requirements.txt (line 6))
  Using cached pydantic-2.12.5-py3-none-any.whl.metadata (90 kB)
Collecting httpx (from -r server/requirements.txt (line 7))
  Using cached httpx-0.28.1-py3-none-any.whl.metadata (7.1 kB)
Collecting redis (from -r server/requirements.txt (line 8))
  Using cached redis-7.1.0-py3-none-any.whl.metadata (12 kB)
Collecting rq (from -r server/requirements.txt (line 9))
  Using cached rq-2.6.1-py3-none-any.whl.metadata (10 kB)
Collecting prometheus_client (from -r server/requirements.txt (line 10))
  Using cached prometheus_client-0.23.1-py3-none-any.whl.metadata (1.9 kB)
Collecting pandas (from -r server/requirements.txt (line 11))
  Using cached pandas-2.3.3-cp312-cp312-manylinux_2_24_x86_64.manylinux_2_28_x86_64.whl.metadata (91 kB)
Collecting numpy (from -r server/requirements.txt (line 12))
  Using cached numpy-2.3.5-cp312-cp312-manylinux_2_27_x86_64.manylinux_2_28_x86_64.whl.metadata (62 kB)
Collecting yfinance (from -r server/requirements.txt (line 13))
  Using cached yfinance-0.2.66-py2.py3-none-any.whl.metadata (6.0 kB)
Collecting PyMuPDF (from -r server/requirements.txt (line 14))
  Using cached pymupdf-1.26.6-cp310-abi3-manylinux_2_28_x86_64.whl.metadata (3.4 kB)
Collecting pillow (from -r server/requirements.txt (line 15))
  Using cached pillow-12.0.0-cp312-cp312-manylinux_2_27_x86_64.manylinux_2_28_x86_64.whl.metadata (8.8 kB)
Collecting pytesseract (from -r server/requirements.txt (line 16))
  Using cached pytesseract-0.3.13-py3-none-any.whl.metadata (11 kB)
Collecting python-multipart (from -r server/requirements.txt (line 17))
  Using cached python_multipart-0.0.20-py3-none-any.whl.metadata (1.8 kB)
Collecting alembic (from -r server/requirements.txt (line 18))
  Using cached alembic-1.17.2-py3-none-any.whl.metadata (7.2 kB)
Collecting python-dateutil (from -r server/requirements.txt (line 20))
  Using cached python_dateutil-2.9.0.post0-py2.py3-none-any.whl.metadata (8.4 kB)
Collecting pytest (from -r server/requirements.txt (line 22))
  Using cached pytest-9.0.1-py3-none-any.whl.metadata (7.6 kB)
Collecting pywebpush (from -r server/requirements.txt (line 24))
  Using cached pywebpush-2.1.2-py3-none-any.whl.metadata (8.3 kB)
Collecting cryptography (from -r server/requirements.txt (line 25))
  Using cached cryptography-46.0.3-cp311-abi3-manylinux_2_34_x86_64.whl.metadata (5.7 kB)
Collecting boto3 (from -r server/requirements.txt (line 27))
  Using cached boto3-1.41.5-py3-none-any.whl.metadata (6.8 kB)
Collecting jinja2 (from -r server/requirements.txt (line 28))
  Using cached jinja2-3.1.6-py3-none-any.whl.metadata (2.9 kB)
Collecting starlette<0.51.0,>=0.40.0 (from fastapi->-r server/requirements.txt (line 2))
  Using cached starlette-0.50.0-py3-none-any.whl.metadata (6.3 kB)
Collecting typing-extensions>=4.8.0 (from fastapi->-r server/requirements.txt (line 2))
  Using cached typing_extensions-4.15.0-py3-none-any.whl.metadata (3.3 kB)
Collecting annotated-doc>=0.0.2 (from fastapi->-r server/requirements.txt (line 2))
  Using cached annotated_doc-0.0.4-py3-none-any.whl.metadata (6.6 kB)
Collecting annotated-types>=0.6.0 (from pydantic->-r server/requirements.txt (line 6))
  Using cached annotated_types-0.7.0-py3-none-any.whl.metadata (15 kB)
Collecting pydantic-core==2.41.5 (from pydantic->-r server/requirements.txt (line 6))
  Using cached pydantic_core-2.41.5-cp312-cp312-manylinux_2_17_x86_64.manylinux2014_x86_64.whl.metadata (7.3 kB)
Collecting typing-inspection>=0.4.2 (from pydantic->-r server/requirements.txt (line 6))
  Using cached typing_inspection-0.4.2-py3-none-any.whl.metadata (2.6 kB)
Collecting anyio<5,>=3.6.2 (from starlette<0.51.0,>=0.40.0->fastapi->-r server/requirements.txt (line 2))
  Using cached anyio-4.12.0-py3-none-any.whl.metadata (4.3 kB)
Collecting idna>=2.8 (from anyio<5,>=3.6.2->starlette<0.51.0,>=0.40.0->fastapi->-r server/requirements.txt (line 2))
  Using cached idna-3.11-py3-none-any.whl.metadata (8.4 kB)
Collecting click>=7.0 (from uvicorn->-r server/requirements.txt (line 3))
  Using cached click-8.3.1-py3-none-any.whl.metadata (2.6 kB)
Collecting h11>=0.8 (from uvicorn->-r server/requirements.txt (line 3))
  Using cached h11-0.16.0-py3-none-any.whl.metadata (8.3 kB)
Collecting greenlet>=1 (from sqlalchemy->-r server/requirements.txt (line 4))
  Using cached greenlet-3.2.4-cp312-cp312-manylinux_2_24_x86_64.manylinux_2_28_x86_64.whl.metadata (4.1 kB)
Collecting certifi (from httpx->-r server/requirements.txt (line 7))
  Using cached certifi-2025.11.12-py3-none-any.whl.metadata (2.5 kB)
Collecting httpcore==1.* (from httpx->-r server/requirements.txt (line 7))
  Using cached httpcore-1.0.9-py3-none-any.whl.metadata (21 kB)
Collecting croniter (from rq->-r server/requirements.txt (line 9))
  Using cached croniter-6.0.0-py2.py3-none-any.whl.metadata (32 kB)
Collecting pytz>=2020.1 (from pandas->-r server/requirements.txt (line 11))
  Using cached pytz-2025.2-py2.py3-none-any.whl.metadata (22 kB)
Collecting tzdata>=2022.7 (from pandas->-r server/requirements.txt (line 11))
  Using cached tzdata-2025.2-py2.py3-none-any.whl.metadata (1.4 kB)
Collecting requests>=2.31 (from yfinance->-r server/requirements.txt (line 13))
  Using cached requests-2.32.5-py3-none-any.whl.metadata (4.9 kB)
Collecting multitasking>=0.0.7 (from yfinance->-r server/requirements.txt (line 13))
  Using cached multitasking-0.0.12-py3-none-any.whl
Collecting platformdirs>=2.0.0 (from yfinance->-r server/requirements.txt (line 13))
  Using cached platformdirs-4.5.0-py3-none-any.whl.metadata (12 kB)
Collecting frozendict>=2.3.4 (from yfinance->-r server/requirements.txt (line 13))
  Using cached frozendict-2.4.7-py3-none-any.whl.metadata (23 kB)
Collecting peewee>=3.16.2 (from yfinance->-r server/requirements.txt (line 13))
  Using cached peewee-3.18.3-py3-none-any.whl
Collecting beautifulsoup4>=4.11.1 (from yfinance->-r server/requirements.txt (line 13))
  Using cached beautifulsoup4-4.14.2-py3-none-any.whl.metadata (3.8 kB)
Collecting curl_cffi>=0.7 (from yfinance->-r server/requirements.txt (line 13))
  Using cached curl_cffi-0.13.0-cp39-abi3-manylinux_2_17_x86_64.manylinux2014_x86_64.whl.metadata (13 kB)
Collecting protobuf>=3.19.0 (from yfinance->-r server/requirements.txt (line 13))
  Using cached protobuf-6.33.1-cp39-abi3-manylinux2014_x86_64.whl.metadata (593 bytes)
Collecting websockets>=13.0 (from yfinance->-r server/requirements.txt (line 13))
  Using cached websockets-15.0.1-cp312-cp312-manylinux_2_5_x86_64.manylinux1_x86_64.manylinux_2_17_x86_64.manylinux2014_x86_64.whl.metadata (6.8 kB)
Collecting packaging>=21.3 (from pytesseract->-r server/requirements.txt (line 16))
  Using cached packaging-25.0-py3-none-any.whl.metadata (3.3 kB)
Collecting Mako (from alembic->-r server/requirements.txt (line 18))
  Using cached mako-1.3.10-py3-none-any.whl.metadata (2.9 kB)
Collecting six>=1.5 (from python-dateutil->-r server/requirements.txt (line 20))
  Using cached six-1.17.0-py2.py3-none-any.whl.metadata (1.7 kB)
Collecting iniconfig>=1.0.1 (from pytest->-r server/requirements.txt (line 22))
  Using cached iniconfig-2.3.0-py3-none-any.whl.metadata (2.5 kB)
Collecting pluggy<2,>=1.5 (from pytest->-r server/requirements.txt (line 22))
  Using cached pluggy-1.6.0-py3-none-any.whl.metadata (4.8 kB)
Collecting pygments>=2.7.2 (from pytest->-r server/requirements.txt (line 22))
  Using cached pygments-2.19.2-py3-none-any.whl.metadata (2.5 kB)
Collecting aiohttp (from pywebpush->-r server/requirements.txt (line 24))
  Using cached aiohttp-3.13.2-cp312-cp312-manylinux2014_x86_64.manylinux_2_17_x86_64.manylinux_2_28_x86_64.whl.metadata (8.1 kB)
Collecting http-ece>=1.1.0 (from pywebpush->-r server/requirements.txt (line 24))
  Using cached http_ece-1.2.1-py2.py3-none-any.whl
Collecting py-vapid>=1.7.0 (from pywebpush->-r server/requirements.txt (line 24))
  Using cached py_vapid-1.9.2-py3-none-any.whl.metadata (4.4 kB)
Collecting cffi>=2.0.0 (from cryptography->-r server/requirements.txt (line 25))
  Using cached cffi-2.0.0-cp312-cp312-manylinux2014_x86_64.manylinux_2_17_x86_64.whl.metadata (2.6 kB)
Collecting botocore<1.42.0,>=1.41.5 (from boto3->-r server/requirements.txt (line 27))
  Using cached botocore-1.41.5-py3-none-any.whl.metadata (5.9 kB)
Collecting jmespath<2.0.0,>=0.7.1 (from boto3->-r server/requirements.txt (line 27))
  Using cached jmespath-1.0.1-py3-none-any.whl.metadata (7.6 kB)
Collecting s3transfer<0.16.0,>=0.15.0 (from boto3->-r server/requirements.txt (line 27))
  Using cached s3transfer-0.15.0-py3-none-any.whl.metadata (1.7 kB)
Collecting urllib3!=2.2.0,<3,>=1.25.4 (from botocore<1.42.0,>=1.41.5->boto3->-r server/requirements.txt (line 27))
  Using cached urllib3-2.5.0-py3-none-any.whl.metadata (6.5 kB)
Collecting MarkupSafe>=2.0 (from jinja2->-r server/requirements.txt (line 28))
  Using cached markupsafe-3.0.3-cp312-cp312-manylinux2014_x86_64.manylinux_2_17_x86_64.manylinux_2_28_x86_64.whl.metadata (2.7 kB)
Collecting soupsieve>1.2 (from beautifulsoup4>=4.11.1->yfinance->-r server/requirements.txt (line 13))
  Using cached soupsieve-2.8-py3-none-any.whl.metadata (4.6 kB)
Collecting pycparser (from cffi>=2.0.0->cryptography->-r server/requirements.txt (line 25))
  Using cached pycparser-2.23-py3-none-any.whl.metadata (993 bytes)
Collecting charset_normalizer<4,>=2 (from requests>=2.31->yfinance->-r server/requirements.txt (line 13))
  Using cached charset_normalizer-3.4.4-cp312-cp312-manylinux2014_x86_64.manylinux_2_17_x86_64.manylinux_2_28_x86_64.whl.metadata (37 kB)
Collecting aiohappyeyeballs>=2.5.0 (from aiohttp->pywebpush->-r server/requirements.txt (line 24))
  Using cached aiohappyeyeballs-2.6.1-py3-none-any.whl.metadata (5.9 kB)
Collecting aiosignal>=1.4.0 (from aiohttp->pywebpush->-r server/requirements.txt (line 24))
  Using cached aiosignal-1.4.0-py3-none-any.whl.metadata (3.7 kB)
Collecting attrs>=17.3.0 (from aiohttp->pywebpush->-r server/requirements.txt (line 24))
  Using cached attrs-25.4.0-py3-none-any.whl.metadata (10 kB)
Collecting frozenlist>=1.1.1 (from aiohttp->pywebpush->-r server/requirements.txt (line 24))
  Using cached frozenlist-1.8.0-cp312-cp312-manylinux1_x86_64.manylinux_2_28_x86_64.manylinux_2_5_x86_64.whl.metadata (20 kB)
Collecting multidict<7.0,>=4.5 (from aiohttp->pywebpush->-r server/requirements.txt (line 24))
  Using cached multidict-6.7.0-cp312-cp312-manylinux2014_x86_64.manylinux_2_17_x86_64.manylinux_2_28_x86_64.whl.metadata (5.3 kB)
Collecting propcache>=0.2.0 (from aiohttp->pywebpush->-r server/requirements.txt (line 24))
  Using cached propcache-0.4.1-cp312-cp312-manylinux2014_x86_64.manylinux_2_17_x86_64.manylinux_2_28_x86_64.whl.metadata (13 kB)
Collecting yarl<2.0,>=1.17.0 (from aiohttp->pywebpush->-r server/requirements.txt (line 24))
  Using cached yarl-1.22.0-cp312-cp312-manylinux2014_x86_64.manylinux_2_17_x86_64.manylinux_2_28_x86_64.whl.metadata (75 kB)
Using cached fastapi-0.122.0-py3-none-any.whl (110 kB)
Using cached pydantic-2.12.5-py3-none-any.whl (463 kB)
Using cached pydantic_core-2.41.5-cp312-cp312-manylinux_2_17_x86_64.manylinux2014_x86_64.whl (2.1 MB)
Using cached starlette-0.50.0-py3-none-any.whl (74 kB)
Using cached anyio-4.12.0-py3-none-any.whl (113 kB)
Using cached uvicorn-0.38.0-py3-none-any.whl (68 kB)
Using cached sqlalchemy-2.0.44-cp312-cp312-manylinux_2_17_x86_64.manylinux2014_x86_64.whl (3.3 MB)
Using cached python_dotenv-1.2.1-py3-none-any.whl (21 kB)
Using cached httpx-0.28.1-py3-none-any.whl (73 kB)
Using cached httpcore-1.0.9-py3-none-any.whl (78 kB)
Using cached redis-7.1.0-py3-none-any.whl (354 kB)
Using cached rq-2.6.1-py3-none-any.whl (112 kB)
Using cached prometheus_client-0.23.1-py3-none-any.whl (61 kB)
Using cached pandas-2.3.3-cp312-cp312-manylinux_2_24_x86_64.manylinux_2_28_x86_64.whl (12.4 MB)
Using cached numpy-2.3.5-cp312-cp312-manylinux_2_27_x86_64.manylinux_2_28_x86_64.whl (16.6 MB)
Using cached yfinance-0.2.66-py2.py3-none-any.whl (123 kB)
Using cached pymupdf-1.26.6-cp310-abi3-manylinux_2_28_x86_64.whl (24.1 MB)
Using cached pillow-12.0.0-cp312-cp312-manylinux_2_27_x86_64.manylinux_2_28_x86_64.whl (7.0 MB)
Using cached pytesseract-0.3.13-py3-none-any.whl (14 kB)
Using cached python_multipart-0.0.20-py3-none-any.whl (24 kB)
Using cached alembic-1.17.2-py3-none-any.whl (248 kB)
Using cached python_dateutil-2.9.0.post0-py2.py3-none-any.whl (229 kB)
Using cached pytest-9.0.1-py3-none-any.whl (373 kB)
Using cached pluggy-1.6.0-py3-none-any.whl (20 kB)
Using cached pywebpush-2.1.2-py3-none-any.whl (22 kB)
Using cached cryptography-46.0.3-cp311-abi3-manylinux_2_34_x86_64.whl (4.5 MB)
Using cached boto3-1.41.5-py3-none-any.whl (139 kB)
Using cached botocore-1.41.5-py3-none-any.whl (14.3 MB)
Using cached jmespath-1.0.1-py3-none-any.whl (20 kB)
Using cached s3transfer-0.15.0-py3-none-any.whl (85 kB)
Using cached urllib3-2.5.0-py3-none-any.whl (129 kB)
Using cached jinja2-3.1.6-py3-none-any.whl (134 kB)
Using cached annotated_doc-0.0.4-py3-none-any.whl (5.3 kB)
Using cached annotated_types-0.7.0-py3-none-any.whl (13 kB)
Using cached beautifulsoup4-4.14.2-py3-none-any.whl (106 kB)
Using cached cffi-2.0.0-cp312-cp312-manylinux2014_x86_64.manylinux_2_17_x86_64.whl (219 kB)
Using cached click-8.3.1-py3-none-any.whl (108 kB)
Using cached curl_cffi-0.13.0-cp39-abi3-manylinux_2_17_x86_64.manylinux2014_x86_64.whl (8.3 MB)
Using cached certifi-2025.11.12-py3-none-any.whl (159 kB)
Using cached frozendict-2.4.7-py3-none-any.whl (16 kB)
Using cached greenlet-3.2.4-cp312-cp312-manylinux_2_24_x86_64.manylinux_2_28_x86_64.whl (607 kB)
Using cached h11-0.16.0-py3-none-any.whl (37 kB)
Using cached idna-3.11-py3-none-any.whl (71 kB)
Using cached iniconfig-2.3.0-py3-none-any.whl (7.5 kB)
Using cached markupsafe-3.0.3-cp312-cp312-manylinux2014_x86_64.manylinux_2_17_x86_64.manylinux_2_28_x86_64.whl (22 kB)
Using cached packaging-25.0-py3-none-any.whl (66 kB)
Using cached platformdirs-4.5.0-py3-none-any.whl (18 kB)
Using cached protobuf-6.33.1-cp39-abi3-manylinux2014_x86_64.whl (323 kB)
Using cached py_vapid-1.9.2-py3-none-any.whl (21 kB)
Using cached pygments-2.19.2-py3-none-any.whl (1.2 MB)
Using cached pytz-2025.2-py2.py3-none-any.whl (509 kB)
Using cached requests-2.32.5-py3-none-any.whl (64 kB)
Using cached charset_normalizer-3.4.4-cp312-cp312-manylinux2014_x86_64.manylinux_2_17_x86_64.manylinux_2_28_x86_64.whl (153 kB)
Using cached six-1.17.0-py2.py3-none-any.whl (11 kB)
Using cached soupsieve-2.8-py3-none-any.whl (36 kB)
Using cached typing_extensions-4.15.0-py3-none-any.whl (44 kB)
Using cached typing_inspection-0.4.2-py3-none-any.whl (14 kB)
Using cached tzdata-2025.2-py2.py3-none-any.whl (347 kB)
Using cached websockets-15.0.1-cp312-cp312-manylinux_2_5_x86_64.manylinux1_x86_64.manylinux_2_17_x86_64.manylinux2014_x86_64.whl (182 kB)
Using cached aiohttp-3.13.2-cp312-cp312-manylinux2014_x86_64.manylinux_2_17_x86_64.manylinux_2_28_x86_64.whl (1.8 MB)
Using cached multidict-6.7.0-cp312-cp312-manylinux2014_x86_64.manylinux_2_17_x86_64.manylinux_2_28_x86_64.whl (256 kB)
Using cached yarl-1.22.0-cp312-cp312-manylinux2014_x86_64.manylinux_2_17_x86_64.manylinux_2_28_x86_64.whl (377 kB)
Using cached aiohappyeyeballs-2.6.1-py3-none-any.whl (15 kB)
Using cached aiosignal-1.4.0-py3-none-any.whl (7.5 kB)
Using cached attrs-25.4.0-py3-none-any.whl (67 kB)
Using cached frozenlist-1.8.0-cp312-cp312-manylinux1_x86_64.manylinux_2_28_x86_64.manylinux_2_5_x86_64.whl (242 kB)
Using cached propcache-0.4.1-cp312-cp312-manylinux2014_x86_64.manylinux_2_17_x86_64.manylinux_2_28_x86_64.whl (221 kB)
Using cached croniter-6.0.0-py2.py3-none-any.whl (25 kB)
Using cached mako-1.3.10-py3-none-any.whl (78 kB)
Using cached pycparser-2.23-py3-none-any.whl (118 kB)
Installing collected packages: pytz, peewee, multitasking, websockets, urllib3, tzdata, typing-extensions, soupsieve, six, redis, python-multipart, python-dotenv, PyMuPDF, pygments, pycparser, protobuf, propcache, prometheus_client, pluggy, platformdirs, pillow, packaging, numpy, multidict, MarkupSafe, jmespath, iniconfig, idna, h11, greenlet, frozenlist, frozendict, click, charset_normalizer, certifi, attrs, annotated-types, annotated-doc, aiohappyeyeballs, yarl, uvicorn, typing-inspection, sqlalchemy, requests, python-dateutil, pytest, pytesseract, pydantic-core, Mako, jinja2, httpcore, cffi, beautifulsoup4, anyio, aiosignal, starlette, pydantic, pandas, httpx, curl_cffi, cryptography, croniter, botocore, alembic, aiohttp, yfinance, s3transfer, rq, py-vapid, http-ece, fastapi, pywebpush, boto3

Successfully installed Mako-1.3.10 MarkupSafe-3.0.3 PyMuPDF-1.26.6 aiohappyeyeballs-2.6.1 aiohttp-3.13.2 aiosignal-1.4.0 alembic-1.17.2 annotated-doc-0.0.4 annotated-types-0.7.0 anyio-4.12.0 attrs-25.4.0 beautifulsoup4-4.14.2 boto3-1.41.5 botocore-1.41.5 certifi-2025.11.12 cffi-2.0.0 charset_normalizer-3.4.4 click-8.3.1 croniter-6.0.0 cryptography-46.0.3 curl_cffi-0.13.0 fastapi-0.122.0 frozendict-2.4.7 frozenlist-1.8.0 greenlet-3.2.4 h11-0.16.0 http-ece-1.2.1 httpcore-1.0.9 httpx-0.28.1 idna-3.11 iniconfig-2.3.0 jinja2-3.1.6 jmespath-1.0.1 multidict-6.7.0 multitasking-0.0.12 numpy-2.3.5 packaging-25.0 pandas-2.3.3 peewee-3.18.3 pillow-12.0.0 platformdirs-4.5.0 pluggy-1.6.0 prometheus_client-0.23.1 propcache-0.4.1 protobuf-6.33.1 py-vapid-1.9.2 pycparser-2.23 pydantic-2.12.5 pydantic-core-2.41.5 pygments-2.19.2 pytesseract-0.3.13 pytest-9.0.1 python-dateutil-2.9.0.post0 python-dotenv-1.2.1 python-multipart-0.0.20 pytz-2025.2 pywebpush-2.1.2 redis-7.1.0 requests-2.32.5 rq-2.6.1 s3transfer-0.15.0 six-1.17.0 soupsieve-2.8 sqlalchemy-2.0.44 starlette-0.50.0 typing-extensions-4.15.0 typing-inspection-0.4.2 tzdata-2025.2 urllib3-2.5.0 uvicorn-0.38.0 websockets-15.0.1 yarl-1.22.0 yfinance-0.2.66
STEP 4: ensure alembic and run migrations
  FAILED: Path doesn't exist: server/alebmic  # typo fixed below; keeping placeholder to ensure we always use env paths.  Please use
  the 'init' command to create a new scripts folder.
STEP 5: seed DB
Traceback (most recent call last):
  File "<frozen runpy>", line 198, in _run_module_as_main
  File "<frozen runpy>", line 88, in _run_code
  File "/home/mcp/tradewatch/server/seed.py", line 4, in <module>
    from .models import Official, Trade, Chamber, TxType, Owner
  File "/home/mcp/tradewatch/server/models.py", line 27, in <module>
    class Account(Base):
  File "/home/mcp/tradewatch/.venv/lib/python3.12/site-packages/sqlalchemy/orm/decl_api.py", line 199, in __init__
    _as_declarative(reg, cls, dict_)
  File "/home/mcp/tradewatch/.venv/lib/python3.12/site-packages/sqlalchemy/orm/decl_base.py", line 245, in _as_declarative
    return _MapperConfig.setup_mapping(registry, cls, dict_, None, {})
           ^^^^^^^^^^^^^^^^^^^^^^^^^^^^^^^^^^^^^^^^^^^^^^^^^^^^^^^^^^^
  File "/home/mcp/tradewatch/.venv/lib/python3.12/site-packages/sqlalchemy/orm/decl_base.py", line 326, in setup_mapping
    return _ClassScanMapperConfig(
           ^^^^^^^^^^^^^^^^^^^^^^^
  File "/home/mcp/tradewatch/.venv/lib/python3.12/site-packages/sqlalchemy/orm/decl_base.py", line 562, in __init__
    self._scan_attributes()
  File "/home/mcp/tradewatch/.venv/lib/python3.12/site-packages/sqlalchemy/orm/decl_base.py", line 1022, in _scan_attributes
    collected_annotation = self._collect_annotation(
                           ^^^^^^^^^^^^^^^^^^^^^^^^^
  File "/home/mcp/tradewatch/.venv/lib/python3.12/site-packages/sqlalchemy/orm/decl_base.py", line 1302, in _collect_annotation
    extracted = _extract_mapped_subtype(
                ^^^^^^^^^^^^^^^^^^^^^^^^
  File "/home/mcp/tradewatch/.venv/lib/python3.12/site-packages/sqlalchemy/orm/util.py", line 2366, in _extract_mapped_subtype
    raise orm_exc.MappedAnnotationError(
sqlalchemy.orm.exc.MappedAnnotationError: Type annotation for "Account.created_at" can't be correctly interpreted for Annotated Declarative Table form.  ORM annotations should normally make use of the ``Mapped[]`` generic type, or other ORM-compatible generic type, as a container for the actual type, which indicates the intent that the attribute is mapped. Class variables that are not intended to be mapped by the ORM should use ClassVar[].  To allow Annotated Declarative to disregard legacy annotations which don't use Mapped[] to pass, set "__allow_unmapped__ = True" on the class or a superclass this class. (Background on this error at: https://sqlalche.me/e/20/zlpr)
STEP 6: run pytest
STEP 7: run smoke script
ALL STEPS COMPLETED
